<?xml version="1.0" encoding="UTF-8"?>
<robot generator="Robot 6.1 (Python 3.11.4 on win32)" generated="20230802 21:26:41.858" rpa="false" schemaversion="4">
<suite id="s1" name="TC1" source="D:\development\robot-script\TestCases\TC1.robot">
<test id="s1-t1" name="LoginTest" line="10">
<kw name="Open Browser" library="SeleniumLibrary">
<arg>${url}</arg>
<arg>${browser}</arg>
<doc>Opens a new browser instance to the optional ``url``.</doc>
<msg timestamp="20230802 21:26:42.078" level="INFO">Opening browser 'chrome' to base url 'https://demo.nopcommerce.com/'.</msg>
<status status="PASS" starttime="20230802 21:26:42.078" endtime="20230802 21:26:44.877"/>
</kw>
<kw name="Log" library="BuiltIn">
<arg>Starting the test Cases!</arg>
<doc>Logs the given message with the given level.</doc>
<msg timestamp="20230802 21:26:44.877" level="INFO">Starting the test Cases!</msg>
<status status="PASS" starttime="20230802 21:26:44.877" endtime="20230802 21:26:44.877"/>
</kw>
<kw name="loginToApplication">
<kw name="Click Link" library="SeleniumLibrary">
<arg>xpath://a[@class='ico-login']</arg>
<doc>Clicks a link identified by ``locator``.</doc>
<msg timestamp="20230802 21:26:44.877" level="INFO">Clicking link 'xpath://a[@class='ico-login']'.</msg>
<status status="PASS" starttime="20230802 21:26:44.877" endtime="20230802 21:26:45.413"/>
</kw>
<kw name="Input Text" library="SeleniumLibrary">
<arg>id:Email</arg>
<arg>demo@test.com</arg>
<doc>Types the given ``text`` into the text field identified by ``locator``.</doc>
<msg timestamp="20230802 21:26:45.413" level="INFO">Typing text 'demo@test.com' into text field 'id:Email'.</msg>
<status status="PASS" starttime="20230802 21:26:45.413" endtime="20230802 21:26:45.509"/>
</kw>
<kw name="Input Text" library="SeleniumLibrary">
<arg>id:Password</arg>
<arg>Amit@1234</arg>
<doc>Types the given ``text`` into the text field identified by ``locator``.</doc>
<msg timestamp="20230802 21:26:45.517" level="INFO">Typing text 'Amit@1234' into text field 'id:Password'.</msg>
<status status="PASS" starttime="20230802 21:26:45.509" endtime="20230802 21:26:45.597"/>
</kw>
<kw name="Click Element" library="SeleniumLibrary">
<arg>xpath://button[normalize-space()='Log in']</arg>
<doc>Click the element identified by ``locator``.</doc>
<msg timestamp="20230802 21:26:45.597" level="INFO">Clicking element 'xpath://button[normalize-space()='Log in']'.</msg>
<status status="PASS" starttime="20230802 21:26:45.597" endtime="20230802 21:26:46.499"/>
</kw>
<kw name="Maximize Browser Window" library="SeleniumLibrary">
<doc>Maximizes current browser window.</doc>
<status status="PASS" starttime="20230802 21:26:46.499" endtime="20230802 21:26:46.612"/>
</kw>
<kw name="Sleep" library="BuiltIn">
<arg>5s</arg>
<doc>Pauses the test executed for the given time.</doc>
<msg timestamp="20230802 21:26:51.612" level="INFO">Slept 5 seconds</msg>
<status status="PASS" starttime="20230802 21:26:46.612" endtime="20230802 21:26:51.612"/>
</kw>
<kw name="Click Element" library="SeleniumLibrary">
<arg>xpath://a[@class='ico-logout']</arg>
<doc>Click the element identified by ``locator``.</doc>
<msg timestamp="20230802 21:26:51.612" level="INFO">Clicking element 'xpath://a[@class='ico-logout']'.</msg>
<status status="PASS" starttime="20230802 21:26:51.612" endtime="20230802 21:26:52.449"/>
</kw>
<status status="PASS" starttime="20230802 21:26:44.877" endtime="20230802 21:26:52.449"/>
</kw>
<kw name="Sleep" library="BuiltIn">
<arg>3s</arg>
<doc>Pauses the test executed for the given time.</doc>
<msg timestamp="20230802 21:26:55.458" level="INFO">Slept 3 seconds</msg>
<status status="PASS" starttime="20230802 21:26:52.457" endtime="20230802 21:26:55.458"/>
</kw>
<kw name="Close Browser" library="SeleniumLibrary">
<doc>Closes the current browser.</doc>
<status status="PASS" starttime="20230802 21:26:55.458" endtime="20230802 21:26:57.555"/>
</kw>
<status status="PASS" starttime="20230802 21:26:42.078" endtime="20230802 21:26:57.555"/>
</test>
<doc>This is some basic infor about the suite</doc>
<status status="PASS" starttime="20230802 21:26:41.858" endtime="20230802 21:26:57.555"/>
</suite>
<statistics>
<total>
<stat pass="1" fail="0" skip="0">All Tests</stat>
</total>
<tag>
</tag>
<suite>
<stat pass="1" fail="0" skip="0" id="s1" name="TC1">TC1</stat>
</suite>
</statistics>
<errors>
</errors>
</robot>
